[0906/221212.730:ERROR:process_memory_win.cc(73)] ReadMemory at 0x7ff74d810000 of 64 bytes failed: Only part of a ReadProcessMemory or WriteProcessMemory request was completed. (0x12B)
[0906/221212.731:WARNING:pe_image_reader.cc(340)] could not read dos header from C:\Program Files (x86)\Google\Chrome\Application\chrome.exe
[0906/221212.731:ERROR:process_memory_win.cc(73)] ReadMemory at 0x7ffab1ec0000 of 64 bytes failed: Only part of a ReadProcessMemory or WriteProcessMemory request was completed. (0x12B)
[0906/221212.731:WARNING:pe_image_reader.cc(340)] could not read dos header from C:\Windows\SYSTEM32\ntdll.dll
[0906/221212.731:ERROR:process_memory_win.cc(73)] ReadMemory at 0x7ffab0710000 of 64 bytes failed: Only part of a ReadProcessMemory or WriteProcessMemory request was completed. (0x12B)
[0906/221212.732:WARNING:pe_image_reader.cc(340)] could not read dos header from C:\Windows\System32\KERNEL32.DLL
[0906/221212.732:ERROR:process_memory_win.cc(73)] ReadMemory at 0x7ffaaf9f0000 of 64 bytes failed: Only part of a ReadProcessMemory or WriteProcessMemory request was completed. (0x12B)
[0906/221212.732:WARNING:pe_image_reader.cc(340)] could not read dos header from C:\Windows\System32\KERNELBASE.dll
[0906/221212.732:ERROR:process_memory_win.cc(73)] ReadMemory at 0x7ffa8d340000 of 64 bytes failed: Only part of a ReadProcessMemory or WriteProcessMemory request was completed. (0x12B)
[0906/221212.732:WARNING:pe_image_reader.cc(340)] could not read dos header from C:\Program Files (x86)\Google\Chrome\Application\85.0.4183.83\chrome_elf.dll
[0906/221212.732:ERROR:process_memory_win.cc(73)] ReadMemory at 0x7ffaa6470000 of 64 bytes failed: Only part of a ReadProcessMemory or WriteProcessMemory request was completed. (0x12B)
[0906/221212.732:WARNING:pe_image_reader.cc(340)] could not read dos header from C:\Windows\SYSTEM32\VERSION.dll
[0906/221212.732:ERROR:process_memory_win.cc(73)] ReadMemory at 0x7ffab13f0000 of 64 bytes failed: Only part of a ReadProcessMemory or WriteProcessMemory request was completed. (0x12B)
[0906/221212.732:WARNING:pe_image_reader.cc(340)] could not read dos header from C:\Windows\System32\msvcrt.dll
[0906/221212.732:ERROR:process_memory_win.cc(73)] ReadMemory at 0x7ffaafcf0000 of 64 bytes failed: Only part of a ReadProcessMemory or WriteProcessMemory request was completed. (0x12B)
[0906/221212.732:WARNING:pe_image_reader.cc(340)] could not read dos header from C:\Windows\System32\bcryptPrimitives.dll
[0906/221212.732:ERROR:process_memory_win.cc(73)] ReadMemory at 0x7ffab1c90000 of 64 bytes failed: Only part of a ReadProcessMemory or WriteProcessMemory request was completed. (0x12B)
[0906/221212.732:WARNING:pe_image_reader.cc(340)] could not read dos header from C:\Windows\System32\ADVAPI32.dll
[0906/221212.732:ERROR:process_memory_win.cc(73)] ReadMemory at 0x7ffab1de0000 of 64 bytes failed: Only part of a ReadProcessMemory or WriteProcessMemory request was completed. (0x12B)
[0906/221212.732:WARNING:pe_image_reader.cc(340)] could not read dos header from C:\Windows\System32\sechost.dll
[0906/221212.733:ERROR:process_memory_win.cc(73)] ReadMemory at 0x7ffab0020000 of 64 bytes failed: Only part of a ReadProcessMemory or WriteProcessMemory request was completed. (0x12B)
[0906/221212.733:WARNING:pe_image_reader.cc(340)] could not read dos header from C:\Windows\System32\RPCRT4.dll
[0906/221212.733:ERROR:process_memory_win.cc(73)] ReadMemory at 0x7ffa4f2b0000 of 64 bytes failed: Only part of a ReadProcessMemory or WriteProcessMemory request was completed. (0x12B)
[0906/221212.733:WARNING:pe_image_reader.cc(340)] could not read dos header from C:\Program Files (x86)\Google\Chrome\Application\85.0.4183.83\chrome.dll
[0906/221212.733:ERROR:process_memory_win.cc(73)] ReadMemory at 0x7ffab07e0000 of 64 bytes failed: Only part of a ReadProcessMemory or WriteProcessMemory request was completed. (0x12B)
[0906/221212.733:WARNING:pe_image_reader.cc(340)] could not read dos header from C:\Windows\System32\WS2_32.dll
[0906/221212.733:ERROR:process_memory_win.cc(73)] ReadMemory at 0x7ffab0e70000 of 64 bytes failed: Only part of a ReadProcessMemory or WriteProcessMemory request was completed. (0x12B)
[0906/221212.733:WARNING:pe_image_reader.cc(340)] could not read dos header from C:\Windows\System32\OLEAUT32.dll
[0906/221212.733:ERROR:process_memory_win.cc(73)] ReadMemory at 0x7ffaaf6d0000 of 64 bytes failed: Only part of a ReadProcessMemory or WriteProcessMemory request was completed. (0x12B)
[0906/221212.733:WARNING:pe_image_reader.cc(340)] could not read dos header from C:\Windows\System32\msvcp_win.dll
[0906/221212.733:ERROR:process_memory_win.cc(73)] ReadMemory at 0x7ffaaee50000 of 64 bytes failed: Only part of a ReadProcessMemory or WriteProcessMemory request was completed. (0x12B)
[0906/221212.733:WARNING:pe_image_reader.cc(340)] could not read dos header from C:\Windows\System32\ucrtbase.dll
[0906/221212.733:ERROR:process_memory_win.cc(73)] ReadMemory at 0x7ffab0140000 of 64 bytes failed: Only part of a ReadProcessMemory or WriteProcessMemory request was completed. (0x12B)
[0906/221212.734:WARNING:pe_image_reader.cc(340)] could not read dos header from C:\Windows\System32\combase.dll
[0906/221212.734:ERROR:process_memory_win.cc(73)] ReadMemory at 0x7ffaafec0000 of 64 bytes failed: Only part of a ReadProcessMemory or WriteProcessMemory request was completed. (0x12B)
[0906/221212.734:WARNING:pe_image_reader.cc(340)] could not read dos header from C:\Windows\System32\WINTRUST.dll
[0906/221212.734:ERROR:process_memory_win.cc(73)] ReadMemory at 0x7ffaaede0000 of 64 bytes failed: Only part of a ReadProcessMemory or WriteProcessMemory request was completed. (0x12B)
[0906/221212.734:WARNING:pe_image_reader.cc(340)] could not read dos header from C:\Windows\System32\MSASN1.dll
[0906/221212.734:ERROR:process_memory_win.cc(73)] ReadMemory at 0x7ffaafd70000 of 64 bytes failed: Only part of a ReadProcessMemory or WriteProcessMemory request was completed. (0x12B)
[0906/221212.734:WARNING:pe_image_reader.cc(340)] could not read dos header from C:\Windows\System32\CRYPT32.dll
[0906/221212.734:ERROR:process_memory_win.cc(73)] ReadMemory at 0x7ffaae2b0000 of 64 bytes failed: Only part of a ReadProcessMemory or WriteProcessMemory request was completed. (0x12B)
[0906/221212.734:WARNING:pe_image_reader.cc(340)] could not read dos header from C:\Windows\SYSTEM32\IPHLPAPI.DLL
[0906/221212.734:ERROR:process_memory_win.cc(73)] ReadMemory at 0x7ffaac8b0000 of 64 bytes failed: Only part of a ReadProcessMemory or WriteProcessMemory request was completed. (0x12B)
[0906/221212.734:WARNING:pe_image_reader.cc(340)] could not read dos header from C:\Windows\SYSTEM32\WINMM.dll
[0906/221212.734:ERROR:process_memory_win.cc(73)] ReadMemory at 0x7ffa87730000 of 64 bytes failed: Only part of a ReadProcessMemory or WriteProcessMemory request was completed. (0x12B)
[0906/221212.734:WARNING:pe_image_reader.cc(340)] could not read dos header from C:\Windows\SYSTEM32\UIAutomationCore.DLL
[0906/221212.734:ERROR:process_memory_win.cc(73)] ReadMemory at 0x7ffa9cc70000 of 64 bytes failed: Only part of a ReadProcessMemory or WriteProcessMemory request was completed. (0x12B)
[0906/221212.734:WARNING:pe_image_reader.cc(340)] could not read dos header from C:\Windows\SYSTEM32\Secur32.dll
[0906/221212.734:ERROR:process_memory_win.cc(73)] ReadMemory at 0x7ffaaecb0000 of 64 bytes failed: Only part of a ReadProcessMemory or WriteProcessMemory request was completed. (0x12B)
[0906/221212.734:WARNING:pe_image_reader.cc(340)] could not read dos header from C:\Windows\SYSTEM32\USERENV.dll
[0906/221212.734:ERROR:process_memory_win.cc(73)] ReadMemory at 0x7ffaaeda0000 of 64 bytes failed: Only part of a ReadProcessMemory or WriteProcessMemory request was completed. (0x12B)
[0906/221212.734:WARNING:pe_image_reader.cc(340)] could not read dos header from C:\Windows\System32\profapi.dll
[0906/221212.734:ERROR:process_memory_win.cc(73)] ReadMemory at 0x7ffa90cf0000 of 64 bytes failed: Only part of a ReadProcessMemory or WriteProcessMemory request was completed. (0x12B)
[0906/221212.734:WARNING:pe_image_reader.cc(340)] could not read dos header from C:\Windows\SYSTEM32\DWrite.dll
[0906/221212.734:ERROR:process_memory_win.cc(73)] ReadMemory at 0x7ffa894a0000 of 64 bytes failed: Only part of a ReadProcessMemory or WriteProcessMemory request was completed. (0x12B)
[0906/221212.734:WARNING:pe_image_reader.cc(340)] could not read dos header from C:\Windows\SYSTEM32\WINSPOOL.DRV
[0906/221212.734:ERROR:process_memory_win.cc(73)] ReadMemory at 0x7ffaaedc0000 of 64 bytes failed: Only part of a ReadProcessMemory or WriteProcessMemory request was completed. (0x12B)
[0906/221212.734:WARNING:pe_image_reader.cc(340)] could not read dos header from C:\Windows\System32\kernel.appcore.dll
[0906/221212.734:ERROR:process_memory_win.cc(73)] ReadMemory at 0x7ffaaff40000 of 64 bytes failed: Only part of a ReadProcessMemory or WriteProcessMemory request was completed. (0x12B)
[0906/221212.734:WARNING:pe_image_reader.cc(340)] could not read dos header from C:\Windows\System32\bcrypt.dll
[0906/221212.734:ERROR:process_memory_win.cc(73)] ReadMemory at 0x7ffa9b2a0000 of 64 bytes failed: Only part of a ReadProcessMemory or WriteProcessMemory request was completed. (0x12B)
[0906/221212.734:WARNING:pe_image_reader.cc(340)] could not read dos header from C:\Windows\SYSTEM32\dbghelp.dll
[0906/221212.734:ERROR:process_memory_win.cc(73)] ReadMemory at 0x7ffaa0050000 of 64 bytes failed: Only part of a ReadProcessMemory or WriteProcessMemory request was completed. (0x12B)
[0906/221212.734:WARNING:pe_image_reader.cc(340)] could not read dos header from C:\Windows\SYSTEM32\WINHTTP.dll
[0906/221212.734:ERROR:process_memory_win.cc(73)] ReadMemory at 0x7ffaa6340000 of 64 bytes failed: Only part of a ReadProcessMemory or WriteProcessMemory request was completed. (0x12B)
[0906/221212.735:WARNING:pe_image_reader.cc(340)] could not read dos header from C:\Windows\SYSTEM32\dhcpcsvc.DLL
[0906/221212.735:ERROR:process_memory_win.cc(73)] ReadMemory at 0x7ffab09f0000 of 64 bytes failed: Only part of a ReadProcessMemory or WriteProcessMemory request was completed. (0x12B)
[0906/221212.735:WARNING:pe_image_reader.cc(340)] could not read dos header from C:\Windows\System32\NSI.dll
[0906/221212.735:ERROR:process_memory_win.cc(73)] ReadMemory at 0x7ffaac880000 of 64 bytes failed: Only part of a ReadProcessMemory or WriteProcessMemory request was completed. (0x12B)
[0906/221212.735:WARNING:pe_image_reader.cc(340)] could not read dos header from C:\Windows\SYSTEM32\WINMMBASE.dll
[0906/221212.736:ERROR:process_memory_win.cc(73)] ReadMemory at 0x7ffaafca0000 of 64 bytes failed: Only part of a ReadProcessMemory or WriteProcessMemory request was completed. (0x12B)
[0906/221212.736:WARNING:pe_image_reader.cc(340)] could not read dos header from C:\Windows\System32\cfgmgr32.dll
[0906/221212.736:ERROR:process_memory_win.cc(73)] ReadMemory at 0x7ffaab750000 of 64 bytes failed: Only part of a ReadProcessMemory or WriteProcessMemory request was completed. (0x12B)
[0906/221212.736:WARNING:pe_image_reader.cc(340)] could not read dos header from C:\Windows\SYSTEM32\PROPSYS.dll
[0906/221212.736:ERROR:process_memory_win.cc(73)] ReadMemory at 0x7ffab0660000 of 64 bytes failed: Only part of a ReadProcessMemory or WriteProcessMemory request was completed. (0x12B)
[0906/221212.736:WARNING:pe_image_reader.cc(340)] could not read dos header from C:\Windows\System32\shcore.dll
[0906/221212.736:ERROR:process_memory_win.cc(73)] ReadMemory at 0x7ffaaec80000 of 64 bytes failed: Only part of a ReadProcessMemory or WriteProcessMemory request was completed. (0x12B)
[0906/221212.737:WARNING:pe_image_reader.cc(340)] could not read dos header from C:\Windows\SYSTEM32\SSPICLI.DLL
[0906/221212.737:ERROR:process_memory_win.cc(73)] ReadMemory at 0x7ffaae770000 of 64 bytes failed: Only part of a ReadProcessMemory or WriteProcessMemory request was completed. (0x12B)
[0906/221212.737:WARNING:pe_image_reader.cc(340)] could not read dos header from C:\Windows\SYSTEM32\CRYPTBASE.DLL
[0906/221212.744:ERROR:process_memory_win.cc(73)] ReadMemory at 0x7ff74d810000 of 64 bytes failed: Only part of a ReadProcessMemory or WriteProcessMemory request was completed. (0x12B)
[0906/221212.744:WARNING:pe_image_reader.cc(340)] could not read dos header from C:\Program Files (x86)\Google\Chrome\Application\chrome.exe
[0906/221212.744:ERROR:process_memory_win.cc(73)] ReadMemory at 0x7ffab1ec0000 of 64 bytes failed: Only part of a ReadProcessMemory or WriteProcessMemory request was completed. (0x12B)
[0906/221212.744:WARNING:pe_image_reader.cc(340)] could not read dos header from C:\Windows\SYSTEM32\ntdll.dll
[0906/221212.744:ERROR:process_memory_win.cc(73)] ReadMemory at 0x7ffab0710000 of 64 bytes failed: Only part of a ReadProcessMemory or WriteProcessMemory request was completed. (0x12B)
[0906/221212.745:WARNING:pe_image_reader.cc(340)] could not read dos header from C:\Windows\System32\KERNEL32.DLL
[0906/221212.745:ERROR:process_memory_win.cc(73)] ReadMemory at 0x7ffaaf9f0000 of 64 bytes failed: Only part of a ReadProcessMemory or WriteProcessMemory request was completed. (0x12B)
[0906/221212.745:WARNING:pe_image_reader.cc(340)] could not read dos header from C:\Windows\System32\KERNELBASE.dll
[0906/221212.745:ERROR:process_memory_win.cc(73)] ReadMemory at 0x7ffa8d340000 of 64 bytes failed: Only part of a ReadProcessMemory or WriteProcessMemory request was completed. (0x12B)
[0906/221212.745:WARNING:pe_image_reader.cc(340)] could not read dos header from C:\Program Files (x86)\Google\Chrome\Application\85.0.4183.83\chrome_elf.dll
[0906/221212.745:ERROR:process_memory_win.cc(73)] ReadMemory at 0x7ffaa6470000 of 64 bytes failed: Only part of a ReadProcessMemory or WriteProcessMemory request was completed. (0x12B)
[0906/221212.745:WARNING:pe_image_reader.cc(340)] could not read dos header from C:\Windows\SYSTEM32\VERSION.dll
[0906/221212.745:ERROR:process_memory_win.cc(73)] ReadMemory at 0x7ffab13f0000 of 64 bytes failed: Only part of a ReadProcessMemory or WriteProcessMemory request was completed. (0x12B)
[0906/221212.745:WARNING:pe_image_reader.cc(340)] could not read dos header from C:\Windows\System32\msvcrt.dll
[0906/221212.745:ERROR:process_memory_win.cc(73)] ReadMemory at 0x7ffaafcf0000 of 64 bytes failed: Only part of a ReadProcessMemory or WriteProcessMemory request was completed. (0x12B)
[0906/221212.745:WARNING:pe_image_reader.cc(340)] could not read dos header from C:\Windows\System32\bcryptPrimitives.dll
[0906/221212.745:ERROR:process_memory_win.cc(73)] ReadMemory at 0x7ffab1c90000 of 64 bytes failed: Only part of a ReadProcessMemory or WriteProcessMemory request was completed. (0x12B)
[0906/221212.745:WARNING:pe_image_reader.cc(340)] could not read dos header from C:\Windows\System32\ADVAPI32.dll
[0906/221212.745:ERROR:process_memory_win.cc(73)] ReadMemory at 0x7ffab1de0000 of 64 bytes failed: Only part of a ReadProcessMemory or WriteProcessMemory request was completed. (0x12B)
[0906/221212.745:WARNING:pe_image_reader.cc(340)] could not read dos header from C:\Windows\System32\sechost.dll
[0906/221212.745:ERROR:process_memory_win.cc(73)] ReadMemory at 0x7ffab0020000 of 64 bytes failed: Only part of a ReadProcessMemory or WriteProcessMemory request was completed. (0x12B)
[0906/221212.745:WARNING:pe_image_reader.cc(340)] could not read dos header from C:\Windows\System32\RPCRT4.dll
[0906/221212.745:ERROR:process_memory_win.cc(73)] ReadMemory at 0x7ffa4f2b0000 of 64 bytes failed: Only part of a ReadProcessMemory or WriteProcessMemory request was completed. (0x12B)
[0906/221212.745:WARNING:pe_image_reader.cc(340)] could not read dos header from C:\Program Files (x86)\Google\Chrome\Application\85.0.4183.83\chrome.dll
[0906/221212.745:ERROR:process_memory_win.cc(73)] ReadMemory at 0x7ffab07e0000 of 64 bytes failed: Only part of a ReadProcessMemory or WriteProcessMemory request was completed. (0x12B)
[0906/221212.745:WARNING:pe_image_reader.cc(340)] could not read dos header from C:\Windows\System32\WS2_32.dll
[0906/221212.745:ERROR:process_memory_win.cc(73)] ReadMemory at 0x7ffab0e70000 of 64 bytes failed: Only part of a ReadProcessMemory or WriteProcessMemory request was completed. (0x12B)
[0906/221212.745:WARNING:pe_image_reader.cc(340)] could not read dos header from C:\Windows\System32\OLEAUT32.dll
[0906/221212.746:ERROR:process_memory_win.cc(73)] ReadMemory at 0x7ffaaf6d0000 of 64 bytes failed: Only part of a ReadProcessMemory or WriteProcessMemory request was completed. (0x12B)
[0906/221212.746:WARNING:pe_image_reader.cc(340)] could not read dos header from C:\Windows\System32\msvcp_win.dll
[0906/221212.746:ERROR:process_memory_win.cc(73)] ReadMemory at 0x7ffaaee50000 of 64 bytes failed: Only part of a ReadProcessMemory or WriteProcessMemory request was completed. (0x12B)
[0906/221212.746:WARNING:pe_image_reader.cc(340)] could not read dos header from C:\Windows\System32\ucrtbase.dll
[0906/221212.746:ERROR:process_memory_win.cc(73)] ReadMemory at 0x7ffab0140000 of 64 bytes failed: Only part of a ReadProcessMemory or WriteProcessMemory request was completed. (0x12B)
[0906/221212.746:WARNING:pe_image_reader.cc(340)] could not read dos header from C:\Windows\System32\combase.dll
[0906/221212.746:ERROR:process_memory_win.cc(73)] ReadMemory at 0x7ffaafec0000 of 64 bytes failed: Only part of a ReadProcessMemory or WriteProcessMemory request was completed. (0x12B)
[0906/221212.746:WARNING:pe_image_reader.cc(340)] could not read dos header from C:\Windows\System32\WINTRUST.dll
[0906/221212.746:ERROR:process_memory_win.cc(73)] ReadMemory at 0x7ffaaede0000 of 64 bytes failed: Only part of a ReadProcessMemory or WriteProcessMemory request was completed. (0x12B)
[0906/221212.746:WARNING:pe_image_reader.cc(340)] could not read dos header from C:\Windows\System32\MSASN1.dll
[0906/221212.746:ERROR:process_memory_win.cc(73)] ReadMemory at 0x7ffaafd70000 of 64 bytes failed: Only part of a ReadProcessMemory or WriteProcessMemory request was completed. (0x12B)
[0906/221212.746:WARNING:pe_image_reader.cc(340)] could not read dos header from C:\Windows\System32\CRYPT32.dll
[0906/221212.746:ERROR:process_memory_win.cc(73)] ReadMemory at 0x7ffaae2b0000 of 64 bytes failed: Only part of a ReadProcessMemory or WriteProcessMemory request was completed. (0x12B)
[0906/221212.746:WARNING:pe_image_reader.cc(340)] could not read dos header from C:\Windows\SYSTEM32\IPHLPAPI.DLL
[0906/221212.746:ERROR:process_memory_win.cc(73)] ReadMemory at 0x7ffaac8b0000 of 64 bytes failed: Only part of a ReadProcessMemory or WriteProcessMemory request was completed. (0x12B)
[0906/221212.746:WARNING:pe_image_reader.cc(340)] could not read dos header from C:\Windows\SYSTEM32\WINMM.dll
[0906/221212.746:ERROR:process_memory_win.cc(73)] ReadMemory at 0x7ffa87730000 of 64 bytes failed: Only part of a ReadProcessMemory or WriteProcessMemory request was completed. (0x12B)
[0906/221212.746:WARNING:pe_image_reader.cc(340)] could not read dos header from C:\Windows\SYSTEM32\UIAutomationCore.DLL
[0906/221212.746:ERROR:process_memory_win.cc(73)] ReadMemory at 0x7ffa9cc70000 of 64 bytes failed: Only part of a ReadProcessMemory or WriteProcessMemory request was completed. (0x12B)
[0906/221212.746:WARNING:pe_image_reader.cc(340)] could not read dos header from C:\Windows\SYSTEM32\Secur32.dll
[0906/221212.746:ERROR:process_memory_win.cc(73)] ReadMemory at 0x7ffaaecb0000 of 64 bytes failed: Only part of a ReadProcessMemory or WriteProcessMemory request was completed. (0x12B)
[0906/221212.746:WARNING:pe_image_reader.cc(340)] could not read dos header from C:\Windows\SYSTEM32\USERENV.dll
[0906/221212.746:ERROR:process_memory_win.cc(73)] ReadMemory at 0x7ffaaeda0000 of 64 bytes failed: Only part of a ReadProcessMemory or WriteProcessMemory request was completed. (0x12B)
[0906/221212.746:WARNING:pe_image_reader.cc(340)] could not read dos header from C:\Windows\System32\profapi.dll
[0906/221212.746:ERROR:process_memory_win.cc(73)] ReadMemory at 0x7ffa90cf0000 of 64 bytes failed: Only part of a ReadProcessMemory or WriteProcessMemory request was completed. (0x12B)
[0906/221212.746:WARNING:pe_image_reader.cc(340)] could not read dos header from C:\Windows\SYSTEM32\DWrite.dll
[0906/221212.746:ERROR:process_memory_win.cc(73)] ReadMemory at 0x7ffa894a0000 of 64 bytes failed: Only part of a ReadProcessMemory or WriteProcessMemory request was completed. (0x12B)
[0906/221212.747:WARNING:pe_image_reader.cc(340)] could not read dos header from C:\Windows\SYSTEM32\WINSPOOL.DRV
[0906/221212.747:ERROR:process_memory_win.cc(73)] ReadMemory at 0x7ffaaedc0000 of 64 bytes failed: Only part of a ReadProcessMemory or WriteProcessMemory request was completed. (0x12B)
[0906/221212.747:WARNING:pe_image_reader.cc(340)] could not read dos header from C:\Windows\System32\kernel.appcore.dll
[0906/221212.747:ERROR:process_memory_win.cc(73)] ReadMemory at 0x7ffaaff40000 of 64 bytes failed: Only part of a ReadProcessMemory or WriteProcessMemory request was completed. (0x12B)
[0906/221212.747:WARNING:pe_image_reader.cc(340)] could not read dos header from C:\Windows\System32\bcrypt.dll
[0906/221212.747:ERROR:process_memory_win.cc(73)] ReadMemory at 0x7ffa9b2a0000 of 64 bytes failed: Only part of a ReadProcessMemory or WriteProcessMemory request was completed. (0x12B)
[0906/221212.747:WARNING:pe_image_reader.cc(340)] could not read dos header from C:\Windows\SYSTEM32\dbghelp.dll
[0906/221212.747:ERROR:process_memory_win.cc(73)] ReadMemory at 0x7ffaa0050000 of 64 bytes failed: Only part of a ReadProcessMemory or WriteProcessMemory request was completed. (0x12B)
[0906/221212.747:WARNING:pe_image_reader.cc(340)] could not read dos header from C:\Windows\SYSTEM32\WINHTTP.dll
[0906/221212.747:ERROR:process_memory_win.cc(73)] ReadMemory at 0x7ffaa6340000 of 64 bytes failed: Only part of a ReadProcessMemory or WriteProcessMemory request was completed. (0x12B)
[0906/221212.747:WARNING:pe_image_reader.cc(340)] could not read dos header from C:\Windows\SYSTEM32\dhcpcsvc.DLL
[0906/221212.747:ERROR:process_memory_win.cc(73)] ReadMemory at 0x7ffab09f0000 of 64 bytes failed: Only part of a ReadProcessMemory or WriteProcessMemory request was completed. (0x12B)
[0906/221212.747:WARNING:pe_image_reader.cc(340)] could not read dos header from C:\Windows\System32\NSI.dll
[0906/221212.747:ERROR:process_memory_win.cc(73)] ReadMemory at 0x7ffaac880000 of 64 bytes failed: Only part of a ReadProcessMemory or WriteProcessMemory request was completed. (0x12B)
[0906/221212.747:WARNING:pe_image_reader.cc(340)] could not read dos header from C:\Windows\SYSTEM32\WINMMBASE.dll
[0906/221212.747:ERROR:process_memory_win.cc(73)] ReadMemory at 0x7ffaafca0000 of 64 bytes failed: Only part of a ReadProcessMemory or WriteProcessMemory request was completed. (0x12B)
[0906/221212.747:WARNING:pe_image_reader.cc(340)] could not read dos header from C:\Windows\System32\cfgmgr32.dll
[0906/221212.747:ERROR:process_memory_win.cc(73)] ReadMemory at 0x7ffaab750000 of 64 bytes failed: Only part of a ReadProcessMemory or WriteProcessMemory request was completed. (0x12B)
[0906/221212.747:WARNING:pe_image_reader.cc(340)] could not read dos header from C:\Windows\SYSTEM32\PROPSYS.dll
[0906/221212.748:ERROR:process_memory_win.cc(73)] ReadMemory at 0x7ffab0660000 of 64 bytes failed: Only part of a ReadProcessMemory or WriteProcessMemory request was completed. (0x12B)
[0906/221212.748:WARNING:pe_image_reader.cc(340)] could not read dos header from C:\Windows\System32\shcore.dll
[0906/221212.748:ERROR:process_memory_win.cc(73)] ReadMemory at 0x7ffaaec80000 of 64 bytes failed: Only part of a ReadProcessMemory or WriteProcessMemory request was completed. (0x12B)
[0906/221212.748:WARNING:pe_image_reader.cc(340)] could not read dos header from C:\Windows\SYSTEM32\SSPICLI.DLL
[0906/221212.748:ERROR:process_memory_win.cc(73)] ReadMemory at 0x7ffaae770000 of 64 bytes failed: Only part of a ReadProcessMemory or WriteProcessMemory request was completed. (0x12B)
[0906/221212.748:WARNING:pe_image_reader.cc(340)] could not read dos header from C:\Windows\SYSTEM32\CRYPTBASE.DLL
[0906/221212.748:ERROR:process_memory_win.cc(73)] ReadMemory at 0x7ff74d810000 of 64 bytes failed: Only part of a ReadProcessMemory or WriteProcessMemory request was completed. (0x12B)
[0906/221212.748:WARNING:pe_image_reader.cc(340)] could not read dos header from C:\Program Files (x86)\Google\Chrome\Application\chrome.exe
[0906/221212.748:ERROR:process_memory_win.cc(73)] ReadMemory at 0x7ffab1ec0000 of 64 bytes failed: Only part of a ReadProcessMemory or WriteProcessMemory request was completed. (0x12B)
[0906/221212.748:WARNING:pe_image_reader.cc(340)] could not read dos header from C:\Windows\SYSTEM32\ntdll.dll
[0906/221212.748:ERROR:process_memory_win.cc(73)] ReadMemory at 0x7ffab0710000 of 64 bytes failed: Only part of a ReadProcessMemory or WriteProcessMemory request was completed. (0x12B)
[0906/221212.748:WARNING:pe_image_reader.cc(340)] could not read dos header from C:\Windows\System32\KERNEL32.DLL
[0906/221212.748:ERROR:process_memory_win.cc(73)] ReadMemory at 0x7ffaaf9f0000 of 64 bytes failed: Only part of a ReadProcessMemory or WriteProcessMemory request was completed. (0x12B)
[0906/221212.748:WARNING:pe_image_reader.cc(340)] could not read dos header from C:\Windows\System32\KERNELBASE.dll
[0906/221212.748:ERROR:process_memory_win.cc(73)] ReadMemory at 0x7ffa8d340000 of 64 bytes failed: Only part of a ReadProcessMemory or WriteProcessMemory request was completed. (0x12B)
[0906/221212.748:WARNING:pe_image_reader.cc(340)] could not read dos header from C:\Program Files (x86)\Google\Chrome\Application\85.0.4183.83\chrome_elf.dll
[0906/221212.748:ERROR:process_memory_win.cc(73)] ReadMemory at 0x7ffaa6470000 of 64 bytes failed: Only part of a ReadProcessMemory or WriteProcessMemory request was completed. (0x12B)
[0906/221212.748:WARNING:pe_image_reader.cc(340)] could not read dos header from C:\Windows\SYSTEM32\VERSION.dll
[0906/221212.748:ERROR:process_memory_win.cc(73)] ReadMemory at 0x7ffab13f0000 of 64 bytes failed: Only part of a ReadProcessMemory or WriteProcessMemory request was completed. (0x12B)
[0906/221212.748:WARNING:pe_image_reader.cc(340)] could not read dos header from C:\Windows\System32\msvcrt.dll
[0906/221212.748:ERROR:process_memory_win.cc(73)] ReadMemory at 0x7ffaafcf0000 of 64 bytes failed: Only part of a ReadProcessMemory or WriteProcessMemory request was completed. (0x12B)
[0906/221212.748:WARNING:pe_image_reader.cc(340)] could not read dos header from C:\Windows\System32\bcryptPrimitives.dll
[0906/221212.748:ERROR:process_memory_win.cc(73)] ReadMemory at 0x7ffab1c90000 of 64 bytes failed: Only part of a ReadProcessMemory or WriteProcessMemory request was completed. (0x12B)
[0906/221212.748:WARNING:pe_image_reader.cc(340)] could not read dos header from C:\Windows\System32\ADVAPI32.dll
[0906/221212.748:ERROR:process_memory_win.cc(73)] ReadMemory at 0x7ffab1de0000 of 64 bytes failed: Only part of a ReadProcessMemory or WriteProcessMemory request was completed. (0x12B)
[0906/221212.748:WARNING:pe_image_reader.cc(340)] could not read dos header from C:\Windows\System32\sechost.dll
[0906/221212.748:ERROR:process_memory_win.cc(73)] ReadMemory at 0x7ffab0020000 of 64 bytes failed: Only part of a ReadProcessMemory or WriteProcessMemory request was completed. (0x12B)
[0906/221212.748:WARNING:pe_image_reader.cc(340)] could not read dos header from C:\Windows\System32\RPCRT4.dll
[0906/221212.748:ERROR:process_memory_win.cc(73)] ReadMemory at 0x7ffa4f2b0000 of 64 bytes failed: Only part of a ReadProcessMemory or WriteProcessMemory request was completed. (0x12B)
[0906/221212.748:WARNING:pe_image_reader.cc(340)] could not read dos header from C:\Program Files (x86)\Google\Chrome\Application\85.0.4183.83\chrome.dll
[0906/221212.748:ERROR:process_memory_win.cc(73)] ReadMemory at 0x7ffab07e0000 of 64 bytes failed: Only part of a ReadProcessMemory or WriteProcessMemory request was completed. (0x12B)
[0906/221212.748:WARNING:pe_image_reader.cc(340)] could not read dos header from C:\Windows\System32\WS2_32.dll
[0906/221212.748:ERROR:process_memory_win.cc(73)] ReadMemory at 0x7ffab0e70000 of 64 bytes failed: Only part of a ReadProcessMemory or WriteProcessMemory request was completed. (0x12B)
[0906/221212.749:WARNING:pe_image_reader.cc(340)] could not read dos header from C:\Windows\System32\OLEAUT32.dll
[0906/221212.749:ERROR:process_memory_win.cc(73)] ReadMemory at 0x7ffaaf6d0000 of 64 bytes failed: Only part of a ReadProcessMemory or WriteProcessMemory request was completed. (0x12B)
[0906/221212.749:WARNING:pe_image_reader.cc(340)] could not read dos header from C:\Windows\System32\msvcp_win.dll
[0906/221212.749:ERROR:process_memory_win.cc(73)] ReadMemory at 0x7ffaaee50000 of 64 bytes failed: Only part of a ReadProcessMemory or WriteProcessMemory request was completed. (0x12B)
[0906/221212.749:WARNING:pe_image_reader.cc(340)] could not read dos header from C:\Windows\System32\ucrtbase.dll
[0906/221212.749:ERROR:process_memory_win.cc(73)] ReadMemory at 0x7ffab0140000 of 64 bytes failed: Only part of a ReadProcessMemory or WriteProcessMemory request was completed. (0x12B)
[0906/221212.749:WARNING:pe_image_reader.cc(340)] could not read dos header from C:\Windows\System32\combase.dll
[0906/221212.749:ERROR:process_memory_win.cc(73)] ReadMemory at 0x7ffaafec0000 of 64 bytes failed: Only part of a ReadProcessMemory or WriteProcessMemory request was completed. (0x12B)
[0906/221212.749:WARNING:pe_image_reader.cc(340)] could not read dos header from C:\Windows\System32\WINTRUST.dll
[0906/221212.749:ERROR:process_memory_win.cc(73)] ReadMemory at 0x7ffaaede0000 of 64 bytes failed: Only part of a ReadProcessMemory or WriteProcessMemory request was completed. (0x12B)
[0906/221212.749:WARNING:pe_image_reader.cc(340)] could not read dos header from C:\Windows\System32\MSASN1.dll
[0906/221212.749:ERROR:process_memory_win.cc(73)] ReadMemory at 0x7ffaafd70000 of 64 bytes failed: Only part of a ReadProcessMemory or WriteProcessMemory request was completed. (0x12B)
[0906/221212.749:WARNING:pe_image_reader.cc(340)] could not read dos header from C:\Windows\System32\CRYPT32.dll
[0906/221212.749:ERROR:process_memory_win.cc(73)] ReadMemory at 0x7ffaae2b0000 of 64 bytes failed: Only part of a ReadProcessMemory or WriteProcessMemory request was completed. (0x12B)
[0906/221212.749:WARNING:pe_image_reader.cc(340)] could not read dos header from C:\Windows\SYSTEM32\IPHLPAPI.DLL
[0906/221212.749:ERROR:process_memory_win.cc(73)] ReadMemory at 0x7ffaac8b0000 of 64 bytes failed: Only part of a ReadProcessMemory or WriteProcessMemory request was completed. (0x12B)
[0906/221212.749:WARNING:pe_image_reader.cc(340)] could not read dos header from C:\Windows\SYSTEM32\WINMM.dll
[0906/221212.749:ERROR:process_memory_win.cc(73)] ReadMemory at 0x7ffa87730000 of 64 bytes failed: Only part of a ReadProcessMemory or WriteProcessMemory request was completed. (0x12B)
[0906/221212.749:WARNING:pe_image_reader.cc(340)] could not read dos header from C:\Windows\SYSTEM32\UIAutomationCore.DLL
[0906/221212.749:ERROR:process_memory_win.cc(73)] ReadMemory at 0x7ffa9cc70000 of 64 bytes failed: Only part of a ReadProcessMemory or WriteProcessMemory request was completed. (0x12B)
[0906/221212.749:WARNING:pe_image_reader.cc(340)] could not read dos header from C:\Windows\SYSTEM32\Secur32.dll
[0906/221212.749:ERROR:process_memory_win.cc(73)] ReadMemory at 0x7ffaaecb0000 of 64 bytes failed: Only part of a ReadProcessMemory or WriteProcessMemory request was completed. (0x12B)
[0906/221212.749:WARNING:pe_image_reader.cc(340)] could not read dos header from C:\Windows\SYSTEM32\USERENV.dll
[0906/221212.749:ERROR:process_memory_win.cc(73)] ReadMemory at 0x7ffaaeda0000 of 64 bytes failed: Only part of a ReadProcessMemory or WriteProcessMemory request was completed. (0x12B)
[0906/221212.750:WARNING:pe_image_reader.cc(340)] could not read dos header from C:\Windows\System32\profapi.dll
[0906/221212.750:ERROR:process_memory_win.cc(73)] ReadMemory at 0x7ffa90cf0000 of 64 bytes failed: Only part of a ReadProcessMemory or WriteProcessMemory request was completed. (0x12B)
[0906/221212.750:WARNING:pe_image_reader.cc(340)] could not read dos header from C:\Windows\SYSTEM32\DWrite.dll
[0906/221212.750:ERROR:process_memory_win.cc(73)] ReadMemory at 0x7ffa894a0000 of 64 bytes failed: Only part of a ReadProcessMemory or WriteProcessMemory request was completed. (0x12B)
[0906/221212.750:WARNING:pe_image_reader.cc(340)] could not read dos header from C:\Windows\SYSTEM32\WINSPOOL.DRV
[0906/221212.750:ERROR:process_memory_win.cc(73)] ReadMemory at 0x7ffaaedc0000 of 64 bytes failed: Only part of a ReadProcessMemory or WriteProcessMemory request was completed. (0x12B)
[0906/221212.750:WARNING:pe_image_reader.cc(340)] could not read dos header from C:\Windows\System32\kernel.appcore.dll
[0906/221212.750:ERROR:process_memory_win.cc(73)] ReadMemory at 0x7ffaaff40000 of 64 bytes failed: Only part of a ReadProcessMemory or WriteProcessMemory request was completed. (0x12B)
[0906/221212.750:WARNING:pe_image_reader.cc(340)] could not read dos header from C:\Windows\System32\bcrypt.dll
[0906/221212.750:ERROR:process_memory_win.cc(73)] ReadMemory at 0x7ffa9b2a0000 of 64 bytes failed: Only part of a ReadProcessMemory or WriteProcessMemory request was completed. (0x12B)
[0906/221212.750:WARNING:pe_image_reader.cc(340)] could not read dos header from C:\Windows\SYSTEM32\dbghelp.dll
[0906/221212.750:ERROR:process_memory_win.cc(73)] ReadMemory at 0x7ffaa0050000 of 64 bytes failed: Only part of a ReadProcessMemory or WriteProcessMemory request was completed. (0x12B)
[0906/221212.750:WARNING:pe_image_reader.cc(340)] could not read dos header from C:\Windows\SYSTEM32\WINHTTP.dll
[0906/221212.750:ERROR:process_memory_win.cc(73)] ReadMemory at 0x7ffaa6340000 of 64 bytes failed: Only part of a ReadProcessMemory or WriteProcessMemory request was completed. (0x12B)
[0906/221212.750:WARNING:pe_image_reader.cc(340)] could not read dos header from C:\Windows\SYSTEM32\dhcpcsvc.DLL
[0906/221212.750:ERROR:process_memory_win.cc(73)] ReadMemory at 0x7ffab09f0000 of 64 bytes failed: Only part of a ReadProcessMemory or WriteProcessMemory request was completed. (0x12B)
[0906/221212.750:WARNING:pe_image_reader.cc(340)] could not read dos header from C:\Windows\System32\NSI.dll
[0906/221212.750:ERROR:process_memory_win.cc(73)] ReadMemory at 0x7ffaac880000 of 64 bytes failed: Only part of a ReadProcessMemory or WriteProcessMemory request was completed. (0x12B)
[0906/221212.750:WARNING:pe_image_reader.cc(340)] could not read dos header from C:\Windows\SYSTEM32\WINMMBASE.dll
[0906/221212.750:ERROR:process_memory_win.cc(73)] ReadMemory at 0x7ffaafca0000 of 64 bytes failed: Only part of a ReadProcessMemory or WriteProcessMemory request was completed. (0x12B)
[0906/221212.751:WARNING:pe_image_reader.cc(340)] could not read dos header from C:\Windows\System32\cfgmgr32.dll
[0906/221212.751:ERROR:process_memory_win.cc(73)] ReadMemory at 0x7ffaab750000 of 64 bytes failed: Only part of a ReadProcessMemory or WriteProcessMemory request was completed. (0x12B)
[0906/221212.751:WARNING:pe_image_reader.cc(340)] could not read dos header from C:\Windows\SYSTEM32\PROPSYS.dll
[0906/221212.751:ERROR:process_memory_win.cc(73)] ReadMemory at 0x7ffab0660000 of 64 bytes failed: Only part of a ReadProcessMemory or WriteProcessMemory request was completed. (0x12B)
[0906/221212.751:WARNING:pe_image_reader.cc(340)] could not read dos header from C:\Windows\System32\shcore.dll
[0906/221212.751:ERROR:process_memory_win.cc(73)] ReadMemory at 0x7ffaaec80000 of 64 bytes failed: Only part of a ReadProcessMemory or WriteProcessMemory request was completed. (0x12B)
[0906/221212.751:WARNING:pe_image_reader.cc(340)] could not read dos header from C:\Windows\SYSTEM32\SSPICLI.DLL
[0906/221212.751:ERROR:process_memory_win.cc(73)] ReadMemory at 0x7ffaae770000 of 64 bytes failed: Only part of a ReadProcessMemory or WriteProcessMemory request was completed. (0x12B)
[0906/221212.751:WARNING:pe_image_reader.cc(340)] could not read dos header from C:\Windows\SYSTEM32\CRYPTBASE.DLL
[0906/221212.763:ERROR:process_memory_win.cc(73)] ReadMemory at 0xd9505f3000 of 53248 bytes failed: Only part of a ReadProcessMemory or WriteProcessMemory request was completed. (0x12B)
[0906/221212.763:ERROR:process_memory_win.cc(73)] ReadMemory at 0xd950dfd000 of 12288 bytes failed: Only part of a ReadProcessMemory or WriteProcessMemory request was completed. (0x12B)
[0906/221212.764:ERROR:process_memory_win.cc(73)] ReadMemory at 0xd9515fc000 of 16384 bytes failed: Only part of a ReadProcessMemory or WriteProcessMemory request was completed. (0x12B)
[0906/221212.764:ERROR:process_memory_win.cc(73)] ReadMemory at 0xd951dfc000 of 16384 bytes failed: Only part of a ReadProcessMemory or WriteProcessMemory request was completed. (0x12B)
[0906/221212.764:ERROR:process_memory_win.cc(73)] ReadMemory at 0xd9525fb000 of 20480 bytes failed: Only part of a ReadProcessMemory or WriteProcessMemory request was completed. (0x12B)
[0906/221212.764:ERROR:process_memory_win.cc(73)] ReadMemory at 0xd952dfe000 of 8192 bytes failed: Only part of a ReadProcessMemory or WriteProcessMemory request was completed. (0x12B)
[0906/221212.764:ERROR:process_memory_win.cc(73)] ReadMemory at 0xd9535fd000 of 12288 bytes failed: Only part of a ReadProcessMemory or WriteProcessMemory request was completed. (0x12B)
[0906/221212.764:ERROR:process_memory_win.cc(73)] ReadMemory at 0xd953dfc000 of 16384 bytes failed: Only part of a ReadProcessMemory or WriteProcessMemory request was completed. (0x12B)
[0906/221212.764:ERROR:process_memory_win.cc(73)] ReadMemory at 0xd9545fd000 of 12288 bytes failed: Only part of a ReadProcessMemory or WriteProcessMemory request was completed. (0x12B)
[0906/221212.764:ERROR:process_memory_win.cc(73)] ReadMemory at 0xd954dfd000 of 12288 bytes failed: Only part of a ReadProcessMemory or WriteProcessMemory request was completed. (0x12B)
[0906/221212.764:ERROR:process_memory_win.cc(73)] ReadMemory at 0xd9555fd000 of 12288 bytes failed: Only part of a ReadProcessMemory or WriteProcessMemory request was completed. (0x12B)
[0906/221212.764:ERROR:process_memory_win.cc(73)] ReadMemory at 0xd955dfd000 of 12288 bytes failed: Only part of a ReadProcessMemory or WriteProcessMemory request was completed. (0x12B)
[0906/221212.765:ERROR:process_memory_win.cc(73)] ReadMemory at 0xd9565fd000 of 12288 bytes failed: Only part of a ReadProcessMemory or WriteProcessMemory request was completed. (0x12B)
[0906/221212.765:ERROR:process_memory_win.cc(73)] ReadMemory at 0xd956dfd000 of 12288 bytes failed: Only part of a ReadProcessMemory or WriteProcessMemory request was completed. (0x12B)
[0906/221212.765:ERROR:process_memory_win.cc(73)] ReadMemory at 0xd9575fd000 of 12288 bytes failed: Only part of a ReadProcessMemory or WriteProcessMemory request was completed. (0x12B)
[0906/221212.765:ERROR:process_memory_win.cc(73)] ReadMemory at 0xd957dfc000 of 16384 bytes failed: Only part of a ReadProcessMemory or WriteProcessMemory request was completed. (0x12B)
[0906/221212.765:ERROR:process_memory_win.cc(73)] ReadMemory at 0xd9585fc000 of 16384 bytes failed: Only part of a ReadProcessMemory or WriteProcessMemory request was completed. (0x12B)
[0906/221212.765:ERROR:process_memory_win.cc(73)] ReadMemory at 0xd958dfd000 of 12288 bytes failed: Only part of a ReadProcessMemory or WriteProcessMemory request was completed. (0x12B)
[0906/221212.765:ERROR:process_memory_win.cc(73)] ReadMemory at 0xd94fdae000 of 852 bytes failed: Only part of a ReadProcessMemory or WriteProcessMemory request was completed. (0x12B)
[0906/221212.765:ERROR:process_memory_win.cc(73)] ReadMemory at 0xd94fdaf000 of 6024 bytes failed: Only part of a ReadProcessMemory or WriteProcessMemory request was completed. (0x12B)
[0906/221212.765:ERROR:process_memory_win.cc(73)] ReadMemory at 0xd94fdb1000 of 6024 bytes failed: Only part of a ReadProcessMemory or WriteProcessMemory request was completed. (0x12B)
[0906/221212.765:ERROR:process_memory_win.cc(73)] ReadMemory at 0xd94fdb3000 of 6024 bytes failed: Only part of a ReadProcessMemory or WriteProcessMemory request was completed. (0x12B)
[0906/221212.765:ERROR:process_memory_win.cc(73)] ReadMemory at 0xd94fdb5000 of 6024 bytes failed: Only part of a ReadProcessMemory or WriteProcessMemory request was completed. (0x12B)
[0906/221212.765:ERROR:process_memory_win.cc(73)] ReadMemory at 0xd94fdb7000 of 6024 bytes failed: Only part of a ReadProcessMemory or WriteProcessMemory request was completed. (0x12B)
[0906/221212.766:ERROR:process_memory_win.cc(73)] ReadMemory at 0xd94fdb9000 of 6024 bytes failed: Only part of a ReadProcessMemory or WriteProcessMemory request was completed. (0x12B)
[0906/221212.766:ERROR:process_memory_win.cc(73)] ReadMemory at 0xd94fdbb000 of 6024 bytes failed: Only part of a ReadProcessMemory or WriteProcessMemory request was completed. (0x12B)
[0906/221212.766:ERROR:process_memory_win.cc(73)] ReadMemory at 0xd94fdbd000 of 6024 bytes failed: Only part of a ReadProcessMemory or WriteProcessMemory request was completed. (0x12B)
[0906/221212.766:ERROR:process_memory_win.cc(73)] ReadMemory at 0xd94fdbf000 of 6024 bytes failed: Only part of a ReadProcessMemory or WriteProcessMemory request was completed. (0x12B)
[0906/221212.766:ERROR:process_memory_win.cc(73)] ReadMemory at 0xd94fdc1000 of 6024 bytes failed: Only part of a ReadProcessMemory or WriteProcessMemory request was completed. (0x12B)
[0906/221212.766:ERROR:process_memory_win.cc(73)] ReadMemory at 0xd94fdc3000 of 6024 bytes failed: Only part of a ReadProcessMemory or WriteProcessMemory request was completed. (0x12B)
[0906/221212.766:ERROR:process_memory_win.cc(73)] ReadMemory at 0xd94fdc5000 of 6024 bytes failed: Only part of a ReadProcessMemory or WriteProcessMemory request was completed. (0x12B)
[0906/221212.766:ERROR:process_memory_win.cc(73)] ReadMemory at 0xd94fdc7000 of 6024 bytes failed: Only part of a ReadProcessMemory or WriteProcessMemory request was completed. (0x12B)
[0906/221212.766:ERROR:process_memory_win.cc(73)] ReadMemory at 0xd94fdc9000 of 6024 bytes failed: Only part of a ReadProcessMemory or WriteProcessMemory request was completed. (0x12B)
[0906/221212.766:ERROR:process_memory_win.cc(73)] ReadMemory at 0xd94fdcb000 of 6024 bytes failed: Only part of a ReadProcessMemory or WriteProcessMemory request was completed. (0x12B)
[0906/221212.766:ERROR:process_memory_win.cc(73)] ReadMemory at 0xd94fdcd000 of 6024 bytes failed: Only part of a ReadProcessMemory or WriteProcessMemory request was completed. (0x12B)
[0906/221212.766:ERROR:process_memory_win.cc(73)] ReadMemory at 0xd94fdcf000 of 6024 bytes failed: Only part of a ReadProcessMemory or WriteProcessMemory request was completed. (0x12B)
[0906/221212.767:ERROR:process_memory_win.cc(73)] ReadMemory at 0xd94fdd1000 of 6024 bytes failed: Only part of a ReadProcessMemory or WriteProcessMemory request was completed. (0x12B)
[0906/221212.767:ERROR:process_memory_win.cc(73)] ReadMemory at 0x28701450000 of 384 bytes failed: Only part of a ReadProcessMemory or WriteProcessMemory request was completed. (0x12B)
[0906/221212.767:ERROR:process_memory_win.cc(73)] ReadMemory at 0x28701451820 of 512 bytes failed: Only part of a ReadProcessMemory or WriteProcessMemory request was completed. (0x12B)
[0906/221212.767:ERROR:process_memory_win.cc(73)] ReadMemory at 0x28701454e04 of 1120 bytes failed: Only part of a ReadProcessMemory or WriteProcessMemory request was completed. (0x12B)
[0906/221212.767:ERROR:process_memory_win.cc(73)] ReadMemory at 0x28701478e70 of 512 bytes failed: Only part of a ReadProcessMemory or WriteProcessMemory request was completed. (0x12B)
[0906/221212.767:ERROR:process_memory_win.cc(73)] ReadMemory at 0x287014790f0 of 512 bytes failed: Only part of a ReadProcessMemory or WriteProcessMemory request was completed. (0x12B)
[0906/221212.767:ERROR:process_memory_win.cc(73)] ReadMemory at 0x28701676d10 of 512 bytes failed: Only part of a ReadProcessMemory or WriteProcessMemory request was completed. (0x12B)
[0906/221212.767:ERROR:process_memory_win.cc(73)] ReadMemory at 0x28701685f60 of 512 bytes failed: Only part of a ReadProcessMemory or WriteProcessMemory request was completed. (0x12B)
[0906/221212.767:ERROR:process_memory_win.cc(73)] ReadMemory at 0x28701697e70 of 512 bytes failed: Only part of a ReadProcessMemory or WriteProcessMemory request was completed. (0x12B)
[0906/221212.767:ERROR:process_memory_win.cc(73)] ReadMemory at 0x2870170a6f0 of 512 bytes failed: Only part of a ReadProcessMemory or WriteProcessMemory request was completed. (0x12B)
[0906/221212.767:ERROR:process_memory_win.cc(73)] ReadMemory at 0x2870170ad70 of 512 bytes failed: Only part of a ReadProcessMemory or WriteProcessMemory request was completed. (0x12B)
[0906/221212.768:ERROR:process_memory_win.cc(73)] ReadMemory at 0x2877c770fe0 of 18924 bytes failed: Only part of a ReadProcessMemory or WriteProcessMemory request was completed. (0x12B)
[0906/221212.768:ERROR:process_memory_win.cc(73)] ReadMemory at 0x2877c7759e0 of 1012 bytes failed: Only part of a ReadProcessMemory or WriteProcessMemory request was completed. (0x12B)
[0906/221212.768:ERROR:process_memory_win.cc(73)] ReadMemory at 0x2877c776028 of 118 bytes failed: Only part of a ReadProcessMemory or WriteProcessMemory request was completed. (0x12B)
[0906/221212.768:ERROR:process_memory_win.cc(73)] ReadMemory at 0x2877c7760a0 of 856 bytes failed: Only part of a ReadProcessMemory or WriteProcessMemory request was completed. (0x12B)
[0906/221212.768:ERROR:process_memory_win.cc(73)] ReadMemory at 0x2877c7763fa of 118 bytes failed: Only part of a ReadProcessMemory or WriteProcessMemory request was completed. (0x12B)
[0906/221212.768:ERROR:process_memory_win.cc(73)] ReadMemory at 0x2877c776472 of 102 bytes failed: Only part of a ReadProcessMemory or WriteProcessMemory request was completed. (0x12B)
[0906/221212.768:ERROR:process_memory_win.cc(73)] ReadMemory at 0x2877c7764f0 of 58 bytes failed: Only part of a ReadProcessMemory or WriteProcessMemory request was completed. (0x12B)
[0906/221212.768:ERROR:process_memory_win.cc(73)] ReadMemory at 0x2877c7765f0 of 132 bytes failed: Only part of a ReadProcessMemory or WriteProcessMemory request was completed. (0x12B)
[0906/221212.768:ERROR:process_memory_win.cc(73)] ReadMemory at 0x2877c776780 of 132 bytes failed: Only part of a ReadProcessMemory or WriteProcessMemory request was completed. (0x12B)
[0906/221212.768:ERROR:process_memory_win.cc(73)] ReadMemory at 0x2877c776940 of 124 bytes failed: Only part of a ReadProcessMemory or WriteProcessMemory request was completed. (0x12B)
[0906/221212.768:ERROR:process_memory_win.cc(73)] ReadMemory at 0x2877c776d20 of 132 bytes failed: Only part of a ReadProcessMemory or WriteProcessMemory request was completed. (0x12B)
[0906/221212.768:ERROR:process_memory_win.cc(73)] ReadMemory at 0x2877c776eb0 of 64 bytes failed: Only part of a ReadProcessMemory or WriteProcessMemory request was completed. (0x12B)
[0906/221212.768:ERROR:process_memory_win.cc(73)] ReadMemory at 0x2877c777070 of 132 bytes failed: Only part of a ReadProcessMemory or WriteProcessMemory request was completed. (0x12B)
[0906/221212.768:ERROR:process_memory_win.cc(73)] ReadMemory at 0x2877c777310 of 132 bytes failed: Only part of a ReadProcessMemory or WriteProcessMemory request was completed. (0x12B)
[0906/221212.768:ERROR:process_memory_win.cc(73)] ReadMemory at 0x2877c7774a0 of 68 bytes failed: Only part of a ReadProcessMemory or WriteProcessMemory request was completed. (0x12B)
[0906/221212.768:ERROR:process_memory_win.cc(73)] ReadMemory at 0x2877c778540 of 132 bytes failed: Only part of a ReadProcessMemory or WriteProcessMemory request was completed. (0x12B)
[0906/221212.769:ERROR:process_memory_win.cc(73)] ReadMemory at 0x2877c7786d0 of 152 bytes failed: Only part of a ReadProcessMemory or WriteProcessMemory request was completed. (0x12B)
[0906/221212.769:ERROR:process_memory_win.cc(73)] ReadMemory at 0x2877c779490 of 132 bytes failed: Only part of a ReadProcessMemory or WriteProcessMemory request was completed. (0x12B)
[0906/221212.769:ERROR:process_memory_win.cc(73)] ReadMemory at 0x2877c77ad70 of 62 bytes failed: Only part of a ReadProcessMemory or WriteProcessMemory request was completed. (0x12B)
[0906/221212.769:ERROR:process_memory_win.cc(73)] ReadMemory at 0x2877c77af30 of 60 bytes failed: Only part of a ReadProcessMemory or WriteProcessMemory request was completed. (0x12B)
[0906/221212.769:ERROR:process_memory_win.cc(73)] ReadMemory at 0x2877c789330 of 62 bytes failed: Only part of a ReadProcessMemory or WriteProcessMemory request was completed. (0x12B)
[0906/221212.769:ERROR:process_memory_win.cc(73)] ReadMemory at 0x2877c78bf90 of 144 bytes failed: Only part of a ReadProcessMemory or WriteProcessMemory request was completed. (0x12B)
[0906/221212.769:ERROR:process_memory_win.cc(73)] ReadMemory at 0x2877c78c080 of 132 bytes failed: Only part of a ReadProcessMemory or WriteProcessMemory request was completed. (0x12B)
[0906/221212.769:ERROR:process_memory_win.cc(73)] ReadMemory at 0x2877c78c3a0 of 132 bytes failed: Only part of a ReadProcessMemory or WriteProcessMemory request was completed. (0x12B)
[0906/221212.769:ERROR:process_memory_win.cc(73)] ReadMemory at 0x2877c78d530 of 132 bytes failed: Only part of a ReadProcessMemory or WriteProcessMemory request was completed. (0x12B)
[0906/221212.769:ERROR:process_memory_win.cc(73)] ReadMemory at 0x2877c78d660 of 132 bytes failed: Only part of a ReadProcessMemory or WriteProcessMemory request was completed. (0x12B)
[0906/221212.769:ERROR:process_memory_win.cc(73)] ReadMemory at 0x2877c78d790 of 132 bytes failed: Only part of a ReadProcessMemory or WriteProcessMemory request was completed. (0x12B)
[0906/221212.769:ERROR:process_memory_win.cc(73)] ReadMemory at 0x2877c78d8c0 of 132 bytes failed: Only part of a ReadProcessMemory or WriteProcessMemory request was completed. (0x12B)
[0906/221212.769:ERROR:process_memory_win.cc(73)] ReadMemory at 0x2877c78d9f0 of 132 bytes failed: Only part of a ReadProcessMemory or WriteProcessMemory request was completed. (0x12B)
[0906/221212.769:ERROR:process_memory_win.cc(73)] ReadMemory at 0x2877c78db20 of 132 bytes failed: Only part of a ReadProcessMemory or WriteProcessMemory request was completed. (0x12B)
[0906/221212.769:ERROR:process_memory_win.cc(73)] ReadMemory at 0x2877c78dc50 of 132 bytes failed: Only part of a ReadProcessMemory or WriteProcessMemory request was completed. (0x12B)
[0906/221212.769:ERROR:process_memory_win.cc(73)] ReadMemory at 0x2877c78dd80 of 132 bytes failed: Only part of a ReadProcessMemory or WriteProcessMemory request was completed. (0x12B)
[0906/221212.769:ERROR:process_memory_win.cc(73)] ReadMemory at 0x2877c78deb0 of 132 bytes failed: Only part of a ReadProcessMemory or WriteProcessMemory request was completed. (0x12B)
[0906/221212.769:ERROR:process_memory_win.cc(73)] ReadMemory at 0x2877c78dfe0 of 132 bytes failed: Only part of a ReadProcessMemory or WriteProcessMemory request was completed. (0x12B)
[0906/221212.769:ERROR:process_memory_win.cc(73)] ReadMemory at 0x2877c78e240 of 132 bytes failed: Only part of a ReadProcessMemory or WriteProcessMemory request was completed. (0x12B)
[0906/221212.769:ERROR:process_memory_win.cc(73)] ReadMemory at 0x2877c78e370 of 132 bytes failed: Only part of a ReadProcessMemory or WriteProcessMemory request was completed. (0x12B)
[0906/221212.770:ERROR:process_memory_win.cc(73)] ReadMemory at 0x2877c793ed0 of 80 bytes failed: Only part of a ReadProcessMemory or WriteProcessMemory request was completed. (0x12B)
[0906/221212.770:ERROR:process_memory_win.cc(73)] ReadMemory at 0x2877c7954d0 of 132 bytes failed: Only part of a ReadProcessMemory or WriteProcessMemory request was completed. (0x12B)
[0906/221212.770:ERROR:process_memory_win.cc(73)] ReadMemory at 0x2877c7958a0 of 132 bytes failed: Only part of a ReadProcessMemory or WriteProcessMemory request was completed. (0x12B)
[0906/221212.770:ERROR:process_memory_win.cc(73)] ReadMemory at 0x2877c795e10 of 54 bytes failed: Only part of a ReadProcessMemory or WriteProcessMemory request was completed. (0x12B)
[0906/221212.770:ERROR:process_memory_win.cc(73)] ReadMemory at 0x2877c797400 of 132 bytes failed: Only part of a ReadProcessMemory or WriteProcessMemory request was completed. (0x12B)
[0906/221212.770:ERROR:process_memory_win.cc(73)] ReadMemory at 0x2877c797530 of 132 bytes failed: Only part of a ReadProcessMemory or WriteProcessMemory request was completed. (0x12B)
[0906/221212.770:ERROR:process_memory_win.cc(73)] ReadMemory at 0x2877c798680 of 132 bytes failed: Only part of a ReadProcessMemory or WriteProcessMemory request was completed. (0x12B)
[0906/221212.770:ERROR:process_memory_win.cc(73)] ReadMemory at 0x2877c7999e0 of 64 bytes failed: Only part of a ReadProcessMemory or WriteProcessMemory request was completed. (0x12B)
[0906/221212.770:ERROR:process_memory_win.cc(73)] ReadMemory at 0x2877c799a30 of 60 bytes failed: Only part of a ReadProcessMemory or WriteProcessMemory request was completed. (0x12B)
[0906/221212.770:ERROR:process_memory_win.cc(73)] ReadMemory at 0x2877c799ad0 of 66 bytes failed: Only part of a ReadProcessMemory or WriteProcessMemory request was completed. (0x12B)
[0906/221212.770:ERROR:process_memory_win.cc(73)] ReadMemory at 0x2877c799b70 of 62 bytes failed: Only part of a ReadProcessMemory or WriteProcessMemory request was completed. (0x12B)
[0906/221212.770:ERROR:process_memory_win.cc(73)] ReadMemory at 0x2877c799c60 of 60 bytes failed: Only part of a ReadProcessMemory or WriteProcessMemory request was completed. (0x12B)
[0906/221212.771:ERROR:process_memory_win.cc(73)] ReadMemory at 0x2877c799cb0 of 60 bytes failed: Only part of a ReadProcessMemory or WriteProcessMemory request was completed. (0x12B)
[0906/221212.771:ERROR:process_memory_win.cc(73)] ReadMemory at 0x2877c799da0 of 62 bytes failed: Only part of a ReadProcessMemory or WriteProcessMemory request was completed. (0x12B)
[0906/221212.771:ERROR:process_memory_win.cc(73)] ReadMemory at 0x2877c799ee0 of 62 bytes failed: Only part of a ReadProcessMemory or WriteProcessMemory request was completed. (0x12B)
[0906/221212.771:ERROR:process_memory_win.cc(73)] ReadMemory at 0x2877c799f30 of 60 bytes failed: Only part of a ReadProcessMemory or WriteProcessMemory request was completed. (0x12B)
[0906/221212.771:ERROR:process_memory_win.cc(73)] ReadMemory at 0x2877c799f80 of 60 bytes failed: Only part of a ReadProcessMemory or WriteProcessMemory request was completed. (0x12B)
[0906/221212.771:ERROR:process_memory_win.cc(73)] ReadMemory at 0x2877c799fd0 of 62 bytes failed: Only part of a ReadProcessMemory or WriteProcessMemory request was completed. (0x12B)
[0906/221212.771:ERROR:process_memory_win.cc(73)] ReadMemory at 0x2877c79a070 of 62 bytes failed: Only part of a ReadProcessMemory or WriteProcessMemory request was completed. (0x12B)
[0906/221212.771:ERROR:process_memory_win.cc(73)] ReadMemory at 0x2877c79a110 of 58 bytes failed: Only part of a ReadProcessMemory or WriteProcessMemory request was completed. (0x12B)
[0906/221212.771:ERROR:process_memory_win.cc(73)] ReadMemory at 0x2877c79a160 of 64 bytes failed: Only part of a ReadProcessMemory or WriteProcessMemory request was completed. (0x12B)
[0906/221212.771:ERROR:process_memory_win.cc(73)] ReadMemory at 0x2877c79a250 of 62 bytes failed: Only part of a ReadProcessMemory or WriteProcessMemory request was completed. (0x12B)
[0906/221212.771:ERROR:process_memory_win.cc(73)] ReadMemory at 0x2877c79a2a0 of 66 bytes failed: Only part of a ReadProcessMemory or WriteProcessMemory request was completed. (0x12B)
[0906/221212.771:ERROR:process_memory_win.cc(73)] ReadMemory at 0x2877c79a2f0 of 64 bytes failed: Only part of a ReadProcessMemory or WriteProcessMemory request was completed. (0x12B)
[0906/221212.771:ERROR:process_memory_win.cc(73)] ReadMemory at 0x2877c79a3e0 of 62 bytes failed: Only part of a ReadProcessMemory or WriteProcessMemory request was completed. (0x12B)
[0906/221212.771:ERROR:process_memory_win.cc(73)] ReadMemory at 0x2877c79a430 of 64 bytes failed: Only part of a ReadProcessMemory or WriteProcessMemory request was completed. (0x12B)
[0906/221212.771:ERROR:process_memory_win.cc(73)] ReadMemory at 0x2877c79a480 of 64 bytes failed: Only part of a ReadProcessMemory or WriteProcessMemory request was completed. (0x12B)
[0906/221212.771:ERROR:process_memory_win.cc(73)] ReadMemory at 0x2877c79a4d0 of 64 bytes failed: Only part of a ReadProcessMemory or WriteProcessMemory request was completed. (0x12B)
[0906/221212.771:ERROR:process_memory_win.cc(73)] ReadMemory at 0x2877c79a570 of 62 bytes failed: Only part of a ReadProcessMemory or WriteProcessMemory request was completed. (0x12B)
[0906/221212.771:ERROR:process_memory_win.cc(73)] ReadMemory at 0x2877c79a5c0 of 62 bytes failed: Only part of a ReadProcessMemory or WriteProcessMemory request was completed. (0x12B)
[0906/221212.771:ERROR:process_memory_win.cc(73)] ReadMemory at 0x2877c79a610 of 64 bytes failed: Only part of a ReadProcessMemory or WriteProcessMemory request was completed. (0x12B)
[0906/221212.772:ERROR:process_memory_win.cc(73)] ReadMemory at 0x2877c79a7f0 of 60 bytes failed: Only part of a ReadProcessMemory or WriteProcessMemory request was completed. (0x12B)
[0906/221212.772:ERROR:process_memory_win.cc(73)] ReadMemory at 0x2877c79a8e0 of 64 bytes failed: Only part of a ReadProcessMemory or WriteProcessMemory request was completed. (0x12B)
[0906/221212.772:ERROR:process_memory_win.cc(73)] ReadMemory at 0x2877c79e380 of 132 bytes failed: Only part of a ReadProcessMemory or WriteProcessMemory request was completed. (0x12B)
[0906/221212.772:ERROR:process_memory_win.cc(73)] ReadMemory at 0x2877c79e6e0 of 132 bytes failed: Only part of a ReadProcessMemory or WriteProcessMemory request was completed. (0x12B)
[0906/221212.772:ERROR:process_memory_win.cc(73)] ReadMemory at 0x2877c79e8f0 of 132 bytes failed: Only part of a ReadProcessMemory or WriteProcessMemory request was completed. (0x12B)
[0906/221212.772:ERROR:process_memory_win.cc(73)] ReadMemory at 0x2877c79efa0 of 80 bytes failed: Only part of a ReadProcessMemory or WriteProcessMemory request was completed. (0x12B)
[0906/221212.772:ERROR:process_memory_win.cc(73)] ReadMemory at 0x2877c79f780 of 76 bytes failed: Only part of a ReadProcessMemory or WriteProcessMemory request was completed. (0x12B)
[0906/221212.772:ERROR:process_memory_win.cc(73)] ReadMemory at 0x2877c7a06d0 of 132 bytes failed: Only part of a ReadProcessMemory or WriteProcessMemory request was completed. (0x12B)
[0906/221212.772:ERROR:process_memory_win.cc(73)] ReadMemory at 0x2877c7a0930 of 132 bytes failed: Only part of a ReadProcessMemory or WriteProcessMemory request was completed. (0x12B)
[0906/221212.772:ERROR:process_memory_win.cc(73)] ReadMemory at 0x2877c7a0df0 of 132 bytes failed: Only part of a ReadProcessMemory or WriteProcessMemory request was completed. (0x12B)
[0906/221212.772:ERROR:process_memory_win.cc(73)] ReadMemory at 0x2877c7a1180 of 132 bytes failed: Only part of a ReadProcessMemory or WriteProcessMemory request was completed. (0x12B)
[0906/221212.772:ERROR:process_memory_win.cc(73)] ReadMemory at 0x2877c7a12b0 of 132 bytes failed: Only part of a ReadProcessMemory or WriteProcessMemory request was completed. (0x12B)
[0906/221212.772:ERROR:process_memory_win.cc(73)] ReadMemory at 0x2877c7a1510 of 132 bytes failed: Only part of a ReadProcessMemory or WriteProcessMemory request was completed. (0x12B)
[0906/221212.772:ERROR:process_memory_win.cc(73)] ReadMemory at 0x2877c7a1640 of 132 bytes failed: Only part of a ReadProcessMemory or WriteProcessMemory request was completed. (0x12B)
[0906/221212.772:ERROR:process_memory_win.cc(73)] ReadMemory at 0x2877c7a1770 of 132 bytes failed: Only part of a ReadProcessMemory or WriteProcessMemory request was completed. (0x12B)
[0906/221212.772:ERROR:process_memory_win.cc(73)] ReadMemory at 0x2877c7a18a0 of 132 bytes failed: Only part of a ReadProcessMemory or WriteProcessMemory request was completed. (0x12B)
[0906/221212.772:ERROR:process_memory_win.cc(73)] ReadMemory at 0x2877c7a1b00 of 132 bytes failed: Only part of a ReadProcessMemory or WriteProcessMemory request was completed. (0x12B)
[0906/221212.772:ERROR:process_memory_win.cc(73)] ReadMemory at 0x2877c7e3a50 of 512 bytes failed: Only part of a ReadProcessMemory or WriteProcessMemory request was completed. (0x12B)
[0906/221212.772:ERROR:process_memory_win.cc(73)] ReadMemory at 0x2877c7ec1b0 of 512 bytes failed: Only part of a ReadProcessMemory or WriteProcessMemory request was completed. (0x12B)
[0906/221212.773:ERROR:process_memory_win.cc(73)] ReadMemory at 0x2877c7ece30 of 512 bytes failed: Only part of a ReadProcessMemory or WriteProcessMemory request was completed. (0x12B)
[0906/221212.773:ERROR:process_memory_win.cc(73)] ReadMemory at 0x2877c804060 of 512 bytes failed: Only part of a ReadProcessMemory or WriteProcessMemory request was completed. (0x12B)
[0906/221212.773:ERROR:process_memory_win.cc(73)] ReadMemory at 0x2877c80d140 of 512 bytes failed: Only part of a ReadProcessMemory or WriteProcessMemory request was completed. (0x12B)
[0906/221212.773:ERROR:process_memory_win.cc(73)] ReadMemory at 0x2877c820140 of 512 bytes failed: Only part of a ReadProcessMemory or WriteProcessMemory request was completed. (0x12B)
[0906/221212.773:ERROR:process_memory_win.cc(73)] ReadMemory at 0x2877c827ca0 of 512 bytes failed: Only part of a ReadProcessMemory or WriteProcessMemory request was completed. (0x12B)
[0906/221212.773:ERROR:process_memory_win.cc(73)] ReadMemory at 0x2877c827f50 of 512 bytes failed: Only part of a ReadProcessMemory or WriteProcessMemory request was completed. (0x12B)
[0906/221212.773:ERROR:process_memory_win.cc(73)] ReadMemory at 0x2877c829d10 of 512 bytes failed: Only part of a ReadProcessMemory or WriteProcessMemory request was completed. (0x12B)
[0906/221212.773:ERROR:process_memory_win.cc(73)] ReadMemory at 0x2877c838ec0 of 712 bytes failed: Only part of a ReadProcessMemory or WriteProcessMemory request was completed. (0x12B)
[0906/221212.774:ERROR:process_memory_win.cc(73)] ReadMemory at 0x2877c870c40 of 656 bytes failed: Only part of a ReadProcessMemory or WriteProcessMemory request was completed. (0x12B)
[0906/221212.774:ERROR:process_memory_win.cc(73)] ReadMemory at 0x2877c871180 of 512 bytes failed: Only part of a ReadProcessMemory or WriteProcessMemory request was completed. (0x12B)
[0906/221212.774:ERROR:process_memory_win.cc(73)] ReadMemory at 0x2877c872980 of 512 bytes failed: Only part of a ReadProcessMemory or WriteProcessMemory request was completed. (0x12B)
[0906/221212.774:ERROR:process_memory_win.cc(73)] ReadMemory at 0x236ba7896ec8 of 512 bytes failed: Only part of a ReadProcessMemory or WriteProcessMemory request was completed. (0x12B)
[0906/221212.774:ERROR:process_memory_win.cc(73)] ReadMemory at 0x71bb0809a318 of 512 bytes failed: Only part of a ReadProcessMemory or WriteProcessMemory request was completed. (0x12B)
[0906/221212.774:ERROR:process_memory_win.cc(73)] ReadMemory at 0x71bb0880ff48 of 512 bytes failed: Only part of a ReadProcessMemory or WriteProcessMemory request was completed. (0x12B)
[0906/221212.774:ERROR:process_memory_win.cc(73)] ReadMemory at 0x7ffa515e37f0 of 512 bytes failed: Only part of a ReadProcessMemory or WriteProcessMemory request was completed. (0x12B)
[0906/221212.774:ERROR:process_memory_win.cc(73)] ReadMemory at 0x7ffa519ad93c of 512 bytes failed: Only part of a ReadProcessMemory or WriteProcessMemory request was completed. (0x12B)
[0906/221212.774:ERROR:process_memory_win.cc(73)] ReadMemory at 0x7ffa51fdd6ad of 512 bytes failed: Only part of a ReadProcessMemory or WriteProcessMemory request was completed. (0x12B)
[0906/221212.774:ERROR:process_memory_win.cc(73)] ReadMemory at 0x7ffa531e5ab3 of 512 bytes failed: Only part of a ReadProcessMemory or WriteProcessMemory request was completed. (0x12B)
[0906/221212.774:ERROR:process_memory_win.cc(73)] ReadMemory at 0x7ffa57c08ef0 of 512 bytes failed: Only part of a ReadProcessMemory or WriteProcessMemory request was completed. (0x12B)
[0906/221212.774:ERROR:process_memory_win.cc(73)] ReadMemory at 0x7ffa57ee2894 of 512 bytes failed: Only part of a ReadProcessMemory or WriteProcessMemory request was completed. (0x12B)
[0906/221212.774:ERROR:process_memory_win.cc(73)] ReadMemory at 0x7ffab0731f80 of 512 bytes failed: Only part of a ReadProcessMemory or WriteProcessMemory request was completed. (0x12B)
[0906/221212.774:ERROR:process_memory_win.cc(73)] ReadMemory at 0x7ffab1f5c0c4 of 672 bytes failed: Only part of a ReadProcessMemory or WriteProcessMemory request was completed. (0x12B)
[0906/221212.774:ERROR:process_memory_win.cc(73)] ReadMemory at 0x7ffab1f5c6c4 of 512 bytes failed: Only part of a ReadProcessMemory or WriteProcessMemory request was completed. (0x12B)
[0906/221212.774:ERROR:process_memory_win.cc(73)] ReadMemory at 0x7ffab1f5f974 of 608 bytes failed: Only part of a ReadProcessMemory or WriteProcessMemory request was completed. (0x12B)
[0906/221212.775:ERROR:process_memory_win.cc(73)] ReadMemory at 0x7ffab1fec428 of 18 bytes failed: Only part of a ReadProcessMemory or WriteProcessMemory request was completed. (0x12B)
[0906/221212.775:ERROR:process_memory_win.cc(73)] ReadMemory at 0x7ffab201f4f8 of 40 bytes failed: Only part of a ReadProcessMemory or WriteProcessMemory request was completed. (0x12B)
[0906/221212.775:ERROR:process_memory_win.cc(73)] ReadMemory at 0x7ffab201f978 of 48 bytes failed: Only part of a ReadProcessMemory or WriteProcessMemory request was completed. (0x12B)
[0906/221212.775:ERROR:process_memory_win.cc(73)] ReadMemory at 0x7ffab20253c0 of 64 bytes failed: Only part of a ReadProcessMemory or WriteProcessMemory request was completed. (0x12B)
[0906/221212.776:ERROR:scoped_process_suspend.cc(40)] NtResumeProcess: An attempt was made to access an exiting process. (0xc000010a)
